<?xml version="1.0" encoding="UTF-8"?>
<!-- Generated by org.testng.reporters.JUnitXMLReporter -->
<testsuite ignored="0" hostname="LAPTOP-QSTR5B4A" failures="1" tests="1" name="ChromeTest" time="12.513" errors="0" timestamp="2022-07-07T18:35:52 IST">
  <testcase classname="KiteTest.CrossBrowserListValid" name="validateUserID" time="0.014">
    <failure type="java.lang.AssertionError" message="null">
      <![CDATA[java.lang.AssertionError: null
at KiteTest.CrossBrowserListValid.validateUserID(CrossBrowserListValid.java:74)
at java.base/java.util.ArrayList.forEach(ArrayList.java:1541)
... Removed 29 stack frames]]>
    </failure>
  </testcase> <!-- validateUserID -->
</testsuite> <!-- ChromeTest -->
